[SUCCESSFULLY]-[21-03-2025 08:34:37]  aziz edit data candra dengan kode checklist 250315-0001 dan id proses 1001
[SUCCESSFULLY]-[21-03-2025 08:54:51]  romirahman Berhasil Login
[SUCCESSFULLY]-[21-03-2025 08:56:12]  romirahman edit data Target dengan ID 1
[SUCCESSFULLY]-[21-03-2025 09:28:27]  romirahman edit data candra dengan kode checklist 250306-0001 dan id proses 1001
[SUCCESSFULLY]-[21-03-2025 09:28:42]  romirahman Delete Data CANDRA dengan Kode Checklist 250306-0001
[SUCCESSFULLY]-[21-03-2025 09:29:11]  romirahman Delete Data CANDRA dengan Kode Checklist 250306-0001
[SUCCESSFULLY]-[21-03-2025 09:29:43]  romirahman edit data candra dengan kode checklist 250306-0001 dan id proses 1001
[SUCCESSFULLY]-[21-03-2025 09:48:35]  aziz edit data candra dengan kode checklist 240722-0001 dan id proses 1001
[SUCCESSFULLY]-[21-03-2025 09:49:06]  aziz edit data candra dengan kode checklist 250306-0001 dan id proses 1001
[FAILED]-[21-03-2025 09:49:30]  User aziz update database candra !
[FAILED]-[21-03-2025 09:49:42]  User aziz update database candra !
[FAILED]-[21-03-2025 09:50:01]  User aziz update database qty !
[FAILED]-[21-03-2025 09:50:15]  User aziz update database qty !
[SUCCESSFULLY]-[21-03-2025 09:50:19]  User aziz update database qty !
[FAILED]-[21-03-2025 09:50:28]  User aziz update database qty !
[SUCCESSFULLY]-[21-03-2025 09:50:38]  User aziz update database qty !
[FAILED]-[21-03-2025 09:51:39]  User aziz update database qty !
[FAILED]-[21-03-2025 09:51:46]  User aziz update database qty !
[FAILED]-[21-03-2025 09:51:59]  User aziz update database qty !
[SUCCESSFULLY]-[21-03-2025 09:52:02]  User aziz update database qty !
[SUCCESSFULLY]-[21-03-2025 09:52:30]  User aziz update database qty !
[FAILED]-[21-03-2025 09:52:41]  User aziz update database qty !
[FAILED]-[21-03-2025 09:52:44]  User aziz update database qty !
[FAILED]-[21-03-2025 09:52:47]  User aziz update database qty !
[FAILED]-[21-03-2025 09:53:08]  User aziz update database qty !
[SUCCESSFULLY]-[21-03-2025 09:53:11]  User aziz update database qty !
[SUCCESSFULLY]-[21-03-2025 09:57:42]  aziz edit data candra dengan kode checklist 240722-0001 dan id proses 1001
[SUCCESSFULLY]-[21-03-2025 10:05:36]  aziz edit data candra dengan kode checklist 240722-0001 dan id proses 1001
[SUCCESSFULLY]-[21-03-2025 10:08:02]  aziz edit data candra dengan kode checklist 240722-0002 dan id proses 1001
[SUCCESSFULLY]-[21-03-2025 10:08:29]  aziz edit data candra dengan kode checklist 240722-0002 dan id proses 1001
[SUCCESSFULLY]-[21-03-2025 10:27:16]  aziz edit data candra dengan kode checklist 240722-0002 dan id proses 1001
[SUCCESSFULLY]-[21-03-2025 10:27:30]  aziz edit data candra dengan kode checklist 250315-0001 dan id proses 1001
[SUCCESSFULLY]-[21-03-2025 10:27:45]  aziz edit data candra dengan kode checklist 250319-0001 dan id proses 1001
[SUCCESSFULLY]-[21-03-2025 10:29:46]  aziz edit data candra dengan kode checklist 250306-0001 dan id proses 1001
[FAILED]-[21-03-2025 10:30:35]  Gagal menambahkan proses dengan Kode Checklist: 250306-0001 dan ID Proses 1007
[SUCCESSFULLY]-[21-03-2025 10:31:01]  Proses dengan Kode Checklist: 250306-0001 dan ID Proses 1004 telah ditambahkan oleh aziz
[SUCCESSFULLY]-[21-03-2025 10:31:05]  Proses dengan Kode Checklist: 250306-0001 dan ID Proses 1004 telah diselesaikan oleh aziz
[FAILED]-[21-03-2025 10:31:14]  Gagal menambahkan proses dengan Kode Checklist: 231009-0001 dan ID Proses 1007
[SUCCESSFULLY]-[21-03-2025 10:31:26]  Proses dengan Kode Checklist: 250306-0001 dan ID Proses 1007 telah ditambahkan oleh aziz
[SUCCESSFULLY]-[21-03-2025 10:31:29]  Proses dengan Kode Checklist: 250306-0001 dan ID Proses 1007 telah diselesaikan oleh aziz
[SUCCESSFULLY]-[21-03-2025 10:32:04]  Proses dengan Kode Checklist: 240722-0002 dan ID Proses 1002 telah ditambahkan oleh aziz
[SUCCESSFULLY]-[21-03-2025 10:32:06]  Proses dengan Kode Checklist: 240722-0002 dan ID Proses 1002 telah diselesaikan oleh aziz
[SUCCESSFULLY]-[21-03-2025 10:36:47]  aziz edit data candra dengan kode checklist 240722-0002 dan id proses 1001
[SUCCESSFULLY]-[21-03-2025 10:55:36]  aziz edit data candra dengan kode checklist 240722-0002 dan id proses 1001
[SUCCESSFULLY]-[21-03-2025 11:08:13]  aziz edit data candra dengan kode checklist 240722-0002 dan id proses 1001
[SUCCESSFULLY]-[21-03-2025 13:02:39]  aziz edit data candra dengan kode checklist 240722-0001 dan id proses 1001
[SUCCESSFULLY]-[21-03-2025 13:03:01]  aziz edit data candra dengan kode checklist 250315-0001 dan id proses 1001
[SUCCESSFULLY]-[21-03-2025 13:03:21]  aziz edit data candra dengan kode checklist 250306-0001 dan id proses 1001
[FAILED]-[21-03-2025 13:06:15]  User aziz update database qty !
[SUCCESSFULLY]-[21-03-2025 13:08:04]  aziz edit data Target dengan ID 1
[SUCCESSFULLY]-[21-03-2025 13:08:15]  aziz edit data Target dengan ID 3
[SUCCESSFULLY]-[21-03-2025 13:10:15]  aziz edit data Target dengan ID 4
[SUCCESSFULLY]-[21-03-2025 14:03:17]  aziz Berhasil Login
[SUCCESSFULLY]-[22-03-2025 08:29:59]  User aziz update database candra !
[SUCCESSFULLY]-[22-03-2025 08:30:47]  Proses dengan Kode Checklist: 250321-0001 dan ID Proses 1004 telah ditambahkan oleh aziz
[SUCCESSFULLY]-[22-03-2025 08:30:51]  Proses dengan Kode Checklist: 250321-0001 dan ID Proses 1004 telah diselesaikan oleh aziz
[SUCCESSFULLY]-[22-03-2025 08:31:02]  Proses dengan Kode Checklist: 250321-0001 dan ID Proses 1007 telah ditambahkan oleh aziz
[SUCCESSFULLY]-[22-03-2025 08:31:04]  Proses dengan Kode Checklist: 250321-0001 dan ID Proses 1007 telah diselesaikan oleh aziz
[FAILED]-[22-03-2025 08:32:01]  Gagal menambahkan proses dengan Kode Checklist: 250321-0002 dan ID Proses 1007
[SUCCESSFULLY]-[22-03-2025 08:32:21]  Proses dengan Kode Checklist: 250321-0002 dan ID Proses 1004 telah ditambahkan oleh aziz
[FAILED]-[22-03-2025 08:32:45]  Gagal menambahkan proses dengan Kode Checklist: 250321-0002 dan ID Proses 1007
[SUCCESSFULLY]-[22-03-2025 08:32:47]  Proses dengan Kode Checklist: 250321-0002 dan ID Proses 1004 telah diselesaikan oleh aziz
[FAILED]-[22-03-2025 08:32:56]  Gagal menambahkan proses dengan Kode Checklist: 250321-0002 dan ID Proses 1006
[SUCCESSFULLY]-[22-03-2025 08:33:05]  Proses dengan Kode Checklist: 250321-0002 dan ID Proses 1007 telah ditambahkan oleh aziz
[SUCCESSFULLY]-[22-03-2025 08:33:07]  Proses dengan Kode Checklist: 250321-0002 dan ID Proses 1007 telah diselesaikan oleh aziz
[SUCCESSFULLY]-[22-03-2025 08:33:26]  User aziz Export Finishing Checksheet
[SUCCESSFULLY]-[22-03-2025 08:33:33]  User aziz Export QC Checksheet
[SUCCESSFULLY]-[22-03-2025 08:34:43]  romirahman Berhasil Login
[SUCCESSFULLY]-[22-03-2025 08:35:48]  User romirahman Export QC Checksheet
[SUCCESSFULLY]-[22-03-2025 08:37:02]  User aziz update database qty !
[SUCCESSFULLY]-[22-03-2025 08:37:11]  User romirahman Export QC Checksheet
[SUCCESSFULLY]-[22-03-2025 08:37:11]  User romirahman Export QC Checksheet
[SUCCESSFULLY]-[22-03-2025 08:38:23]  User romirahman Export QC Checksheet
[SUCCESSFULLY]-[22-03-2025 08:39:24]  User aziz update database qty !
[SUCCESSFULLY]-[22-03-2025 08:40:30]  User aziz update database qty !
[SUCCESSFULLY]-[22-03-2025 08:42:53]  User aziz update database qty !
[SUCCESSFULLY]-[22-03-2025 08:46:23]  User aziz update database candra !
[SUCCESSFULLY]-[22-03-2025 08:46:44]  aziz edit data candra dengan kode checklist 250321-0001 dan id proses 1003
[SUCCESSFULLY]-[22-03-2025 08:46:53]  aziz edit data candra dengan kode checklist 250321-0002 dan id proses 1003
[SUCCESSFULLY]-[22-03-2025 08:46:57]  User romirahman telah logout
[SUCCESSFULLY]-[22-03-2025 08:47:53]  User aziz update database qty !
[SUCCESSFULLY]-[22-03-2025 08:48:55]  aziz edit data candra dengan kode checklist 250320-0001 dan id proses 1001
[SUCCESSFULLY]-[22-03-2025 08:49:17]  aziz edit data candra dengan kode checklist 250320-0002 dan id proses 1001
[SUCCESSFULLY]-[22-03-2025 08:49:27]  aziz edit data candra dengan kode checklist 250320-0001 dan id proses 1003
[SUCCESSFULLY]-[22-03-2025 08:49:44]  aziz edit data candra dengan kode checklist 250320-0002 dan id proses 1003
[SUCCESSFULLY]-[22-03-2025 08:55:11]  User aziz update database candra !
[SUCCESSFULLY]-[22-03-2025 08:55:24]  User aziz update database qty !
[SUCCESSFULLY]-[22-03-2025 08:55:58]  aziz edit data candra dengan kode checklist 250321-0002 dan id proses 1003
[SUCCESSFULLY]-[22-03-2025 08:58:23]  User aziz update database candra !
[SUCCESSFULLY]-[22-03-2025 08:59:04]  aziz edit data candra dengan kode checklist 250319-0001 dan id proses 1001
[SUCCESSFULLY]-[22-03-2025 08:59:15]  aziz edit data candra dengan kode checklist 250319-0001 dan id proses 1003
[SUCCESSFULLY]-[22-03-2025 08:59:23]  aziz edit data candra dengan kode checklist 250319-0002 dan id proses 1001
[SUCCESSFULLY]-[22-03-2025 08:59:32]  aziz edit data candra dengan kode checklist 250319-0002 dan id proses 1003
[SUCCESSFULLY]-[22-03-2025 09:02:09]  User aziz update database candra !
[SUCCESSFULLY]-[22-03-2025 09:02:41]  Proses dengan Kode Checklist: 250317-0001 dan ID Proses 1004 telah ditambahkan oleh aziz
[SUCCESSFULLY]-[22-03-2025 09:02:43]  Proses dengan Kode Checklist: 250317-0001 dan ID Proses 1004 telah diselesaikan oleh aziz
[SUCCESSFULLY]-[22-03-2025 09:02:52]  Proses dengan Kode Checklist: 250317-0001 dan ID Proses 1007 telah ditambahkan oleh aziz
[SUCCESSFULLY]-[22-03-2025 09:02:54]  Proses dengan Kode Checklist: 250317-0001 dan ID Proses 1007 telah diselesaikan oleh aziz
[SUCCESSFULLY]-[22-03-2025 09:03:13]  Proses dengan Kode Checklist: 250317-0002 dan ID Proses 1004 telah ditambahkan oleh aziz
[SUCCESSFULLY]-[22-03-2025 09:03:23]  Proses dengan Kode Checklist: 250317-0002 dan ID Proses 1004 telah diselesaikan oleh aziz
[FAILED]-[22-03-2025 09:03:30]  Gagal menambahkan proses dengan Kode Checklist: 250317-0002 dan ID Proses 1006
[SUCCESSFULLY]-[22-03-2025 09:03:51]  Proses dengan Kode Checklist: 250317-0002 dan ID Proses 1007 telah ditambahkan oleh aziz
[SUCCESSFULLY]-[22-03-2025 09:04:21]  romirahman Berhasil Login
[SUCCESSFULLY]-[22-03-2025 09:36:26]  Proses dengan Kode Checklist: 250317-0002 dan ID Proses 1007 telah diselesaikan oleh aziz
[SUCCESSFULLY]-[22-03-2025 15:53:54]  aziz Berhasil Login
[SUCCESSFULLY]-[24-03-2025 09:40:39]  romirahman edit data Proses dengan ID 1005
[SUCCESSFULLY]-[24-03-2025 09:41:17]  romirahman edit data Proses dengan ID 1007
[SUCCESSFULLY]-[24-03-2025 10:56:26]  User romirahman telah logout
[SUCCESSFULLY]-[24-03-2025 13:12:50]  romirahman Berhasil Login
[SUCCESSFULLY]-[24-03-2025 13:18:33]  Proses dengan Kode Checklist: 241015-0008 dan ID Proses 1007 telah ditambahkan oleh romirahman
[SUCCESSFULLY]-[24-03-2025 13:18:48]  Proses dengan Kode Checklist: 241015-0001 dan ID Proses 1007 telah ditambahkan oleh romirahman
[SUCCESSFULLY]-[24-03-2025 13:18:57]  Proses dengan Kode Checklist: 241015-0004 dan ID Proses 1007 telah ditambahkan oleh romirahman
[FAILED]-[24-03-2025 13:19:12]  Gagal menambahkan proses dengan Kode Checklist: 241015-0008 dan ID Proses 1007
[SUCCESSFULLY]-[24-03-2025 13:19:21]  Proses dengan Kode Checklist: 241015-0009 dan ID Proses 1007 telah ditambahkan oleh romirahman
[SUCCESSFULLY]-[24-03-2025 13:19:37]  Proses dengan Kode Checklist: 241015-0015 dan ID Proses 1007 telah ditambahkan oleh romirahman
[SUCCESSFULLY]-[24-03-2025 13:19:44]  Proses dengan Kode Checklist: 241015-0018 dan ID Proses 1007 telah ditambahkan oleh romirahman
[SUCCESSFULLY]-[24-03-2025 13:19:55]  Proses dengan Kode Checklist: 241015-0023 dan ID Proses 1007 telah ditambahkan oleh romirahman
[SUCCESSFULLY]-[24-03-2025 13:20:38]  Proses dengan Kode Checklist: 241015-0027 dan ID Proses 1007 telah ditambahkan oleh romirahman
[SUCCESSFULLY]-[24-03-2025 13:20:47]  Proses dengan Kode Checklist: 241015-0030 dan ID Proses 1007 telah ditambahkan oleh romirahman
[SUCCESSFULLY]-[24-03-2025 13:20:54]  Proses dengan Kode Checklist: 241015-0031 dan ID Proses 1007 telah ditambahkan oleh romirahman
[SUCCESSFULLY]-[24-03-2025 13:21:03]  Proses dengan Kode Checklist: 241015-0035 dan ID Proses 1007 telah ditambahkan oleh romirahman
[SUCCESSFULLY]-[24-03-2025 13:21:15]  Proses dengan Kode Checklist: 241015-0038 dan ID Proses 1007 telah ditambahkan oleh romirahman
[SUCCESSFULLY]-[24-03-2025 13:21:22]  Proses dengan Kode Checklist: 241015-0041 dan ID Proses 1007 telah ditambahkan oleh romirahman
[SUCCESSFULLY]-[24-03-2025 13:21:30]  Proses dengan Kode Checklist: 241015-0043 dan ID Proses 1007 telah ditambahkan oleh romirahman
[SUCCESSFULLY]-[24-03-2025 13:21:37]  Proses dengan Kode Checklist: 241015-0045 dan ID Proses 1007 telah ditambahkan oleh romirahman
[SUCCESSFULLY]-[24-03-2025 13:21:43]  Proses dengan Kode Checklist: 241015-0047 dan ID Proses 1007 telah ditambahkan oleh romirahman
[SUCCESSFULLY]-[24-03-2025 13:21:49]  Proses dengan Kode Checklist: 241015-0048 dan ID Proses 1007 telah ditambahkan oleh romirahman
[SUCCESSFULLY]-[24-03-2025 13:21:56]  Proses dengan Kode Checklist: 241015-0052 dan ID Proses 1007 telah ditambahkan oleh romirahman
[SUCCESSFULLY]-[24-03-2025 13:22:13]  Proses dengan Kode Checklist: 241015-0055 dan ID Proses 1007 telah ditambahkan oleh romirahman
[SUCCESSFULLY]-[24-03-2025 13:22:30]  Proses dengan Kode Checklist: 241015-0057 dan ID Proses 1007 telah ditambahkan oleh romirahman
[SUCCESSFULLY]-[24-03-2025 13:22:37]  Proses dengan Kode Checklist: 241015-0058 dan ID Proses 1007 telah ditambahkan oleh romirahman
[SUCCESSFULLY]-[24-03-2025 13:22:43]  Proses dengan Kode Checklist: 241015-0059 dan ID Proses 1007 telah ditambahkan oleh romirahman
[SUCCESSFULLY]-[24-03-2025 13:22:50]  Proses dengan Kode Checklist: 241015-0060 dan ID Proses 1007 telah ditambahkan oleh romirahman
[SUCCESSFULLY]-[24-03-2025 13:22:57]  Proses dengan Kode Checklist: 241015-0061 dan ID Proses 1007 telah ditambahkan oleh romirahman
[SUCCESSFULLY]-[24-03-2025 13:23:04]  Proses dengan Kode Checklist: 241015-0062 dan ID Proses 1007 telah ditambahkan oleh romirahman
[SUCCESSFULLY]-[24-03-2025 13:23:11]  Proses dengan Kode Checklist: 241015-0063 dan ID Proses 1007 telah ditambahkan oleh romirahman
[SUCCESSFULLY]-[24-03-2025 13:23:20]  Proses dengan Kode Checklist: 241016-0001 dan ID Proses 1007 telah ditambahkan oleh romirahman
[SUCCESSFULLY]-[24-03-2025 13:23:34]  Proses dengan Kode Checklist: 241015-0008 dan ID Proses 1007 telah diselesaikan oleh romirahman
[SUCCESSFULLY]-[24-03-2025 13:23:36]  Proses dengan Kode Checklist: 241015-0001 dan ID Proses 1007 telah diselesaikan oleh romirahman
[SUCCESSFULLY]-[24-03-2025 13:23:37]  Proses dengan Kode Checklist: 241015-0004 dan ID Proses 1007 telah diselesaikan oleh romirahman
[SUCCESSFULLY]-[24-03-2025 13:23:39]  Proses dengan Kode Checklist: 241015-0009 dan ID Proses 1007 telah diselesaikan oleh romirahman
[SUCCESSFULLY]-[24-03-2025 13:23:40]  Proses dengan Kode Checklist: 241015-0015 dan ID Proses 1007 telah diselesaikan oleh romirahman
[SUCCESSFULLY]-[24-03-2025 13:23:42]  Proses dengan Kode Checklist: 241015-0018 dan ID Proses 1007 telah diselesaikan oleh romirahman
[SUCCESSFULLY]-[24-03-2025 13:23:43]  Proses dengan Kode Checklist: 241015-0023 dan ID Proses 1007 telah diselesaikan oleh romirahman
[SUCCESSFULLY]-[24-03-2025 13:23:45]  Proses dengan Kode Checklist: 241015-0027 dan ID Proses 1007 telah diselesaikan oleh romirahman
[SUCCESSFULLY]-[24-03-2025 13:23:46]  Proses dengan Kode Checklist: 241015-0030 dan ID Proses 1007 telah diselesaikan oleh romirahman
[SUCCESSFULLY]-[24-03-2025 13:23:48]  Proses dengan Kode Checklist: 241015-0031 dan ID Proses 1007 telah diselesaikan oleh romirahman
[SUCCESSFULLY]-[24-03-2025 13:23:52]  Proses dengan Kode Checklist: 241015-0035 dan ID Proses 1007 telah diselesaikan oleh romirahman
[SUCCESSFULLY]-[24-03-2025 13:23:56]  Proses dengan Kode Checklist: 241015-0038 dan ID Proses 1007 telah diselesaikan oleh romirahman
[SUCCESSFULLY]-[24-03-2025 13:23:59]  Proses dengan Kode Checklist: 241015-0041 dan ID Proses 1007 telah diselesaikan oleh romirahman
[SUCCESSFULLY]-[24-03-2025 13:24:03]  Proses dengan Kode Checklist: 241015-0043 dan ID Proses 1007 telah diselesaikan oleh romirahman
[SUCCESSFULLY]-[24-03-2025 13:24:07]  Proses dengan Kode Checklist: 241015-0045 dan ID Proses 1007 telah diselesaikan oleh romirahman
[SUCCESSFULLY]-[24-03-2025 13:24:11]  Proses dengan Kode Checklist: 241015-0047 dan ID Proses 1007 telah diselesaikan oleh romirahman
[SUCCESSFULLY]-[24-03-2025 13:24:12]  Proses dengan Kode Checklist: 241015-0048 dan ID Proses 1007 telah diselesaikan oleh romirahman
[SUCCESSFULLY]-[24-03-2025 13:24:14]  Proses dengan Kode Checklist: 241015-0052 dan ID Proses 1007 telah diselesaikan oleh romirahman
[SUCCESSFULLY]-[24-03-2025 13:24:16]  Proses dengan Kode Checklist: 241015-0055 dan ID Proses 1007 telah diselesaikan oleh romirahman
[SUCCESSFULLY]-[24-03-2025 13:24:18]  Proses dengan Kode Checklist: 241015-0057 dan ID Proses 1007 telah diselesaikan oleh romirahman
[SUCCESSFULLY]-[24-03-2025 13:24:19]  Proses dengan Kode Checklist: 241015-0058 dan ID Proses 1007 telah diselesaikan oleh romirahman
[SUCCESSFULLY]-[24-03-2025 13:24:21]  Proses dengan Kode Checklist: 241015-0059 dan ID Proses 1007 telah diselesaikan oleh romirahman
[SUCCESSFULLY]-[24-03-2025 13:24:23]  Proses dengan Kode Checklist: 241015-0060 dan ID Proses 1007 telah diselesaikan oleh romirahman
[SUCCESSFULLY]-[24-03-2025 13:24:25]  Proses dengan Kode Checklist: 241015-0061 dan ID Proses 1007 telah diselesaikan oleh romirahman
[SUCCESSFULLY]-[24-03-2025 13:24:27]  Proses dengan Kode Checklist: 241015-0062 dan ID Proses 1007 telah diselesaikan oleh romirahman
[SUCCESSFULLY]-[24-03-2025 13:24:28]  Proses dengan Kode Checklist: 241015-0063 dan ID Proses 1007 telah diselesaikan oleh romirahman
[SUCCESSFULLY]-[24-03-2025 13:24:30]  Proses dengan Kode Checklist: 241016-0001 dan ID Proses 1007 telah diselesaikan oleh romirahman
[SUCCESSFULLY]-[24-03-2025 13:24:56]  Proses dengan Kode Checklist: 241014-0008 dan ID Proses 1007 telah ditambahkan oleh romirahman
[SUCCESSFULLY]-[24-03-2025 13:25:02]  Proses dengan Kode Checklist: 241016-0003 dan ID Proses 1007 telah ditambahkan oleh romirahman
[SUCCESSFULLY]-[24-03-2025 13:25:11]  Proses dengan Kode Checklist: 241016-0006 dan ID Proses 1007 telah ditambahkan oleh romirahman
[SUCCESSFULLY]-[24-03-2025 13:25:17]  Proses dengan Kode Checklist: 241016-0007 dan ID Proses 1007 telah ditambahkan oleh romirahman
[SUCCESSFULLY]-[24-03-2025 13:25:26]  Proses dengan Kode Checklist: 241016-0008 dan ID Proses 1007 telah ditambahkan oleh romirahman
[FAILED]-[24-03-2025 13:25:34]  Gagal menambahkan proses dengan Kode Checklist: 241016-0009 dan ID Proses 1007
[FAILED]-[24-03-2025 13:25:44]  Gagal menambahkan proses dengan Kode Checklist: 241016-0008 dan ID Proses 1007
[SUCCESSFULLY]-[24-03-2025 13:25:53]  Proses dengan Kode Checklist: 241016-0011 dan ID Proses 1007 telah ditambahkan oleh romirahman
[SUCCESSFULLY]-[24-03-2025 13:25:56]  Proses dengan Kode Checklist: 241014-0008 dan ID Proses 1007 telah diselesaikan oleh romirahman
[SUCCESSFULLY]-[24-03-2025 13:25:58]  Proses dengan Kode Checklist: 241016-0003 dan ID Proses 1007 telah diselesaikan oleh romirahman
[SUCCESSFULLY]-[24-03-2025 13:26:00]  Proses dengan Kode Checklist: 241016-0006 dan ID Proses 1007 telah diselesaikan oleh romirahman
[SUCCESSFULLY]-[24-03-2025 13:26:03]  Proses dengan Kode Checklist: 241016-0007 dan ID Proses 1007 telah diselesaikan oleh romirahman
[SUCCESSFULLY]-[24-03-2025 13:26:04]  Proses dengan Kode Checklist: 241016-0008 dan ID Proses 1007 telah diselesaikan oleh romirahman
[SUCCESSFULLY]-[24-03-2025 13:26:06]  Proses dengan Kode Checklist: 241016-0011 dan ID Proses 1007 telah diselesaikan oleh romirahman
[FAILED]-[24-03-2025 13:26:25]  Gagal menambahkan proses dengan Kode Checklist: 241016-0009 dan ID Proses 1007
[SUCCESSFULLY]-[24-03-2025 13:27:12]  Proses dengan Kode Checklist: 241016-0009 dan ID Proses 1005 telah ditambahkan oleh romirahman
[SUCCESSFULLY]-[24-03-2025 13:27:15]  Proses dengan Kode Checklist: 241016-0009 dan ID Proses 1005 telah diselesaikan oleh romirahman
[SUCCESSFULLY]-[24-03-2025 13:27:30]  Proses dengan Kode Checklist: 241016-0009 dan ID Proses 1004 telah ditambahkan oleh romirahman
[SUCCESSFULLY]-[24-03-2025 13:27:32]  Proses dengan Kode Checklist: 241016-0009 dan ID Proses 1004 telah diselesaikan oleh romirahman
[SUCCESSFULLY]-[24-03-2025 13:27:45]  Proses dengan Kode Checklist: 241016-0009 dan ID Proses 1007 telah ditambahkan oleh romirahman
[SUCCESSFULLY]-[24-03-2025 13:27:48]  Proses dengan Kode Checklist: 241016-0009 dan ID Proses 1007 telah diselesaikan oleh romirahman
[SUCCESSFULLY]-[24-03-2025 14:13:52]  aziz Berhasil Login
[SUCCESSFULLY]-[24-03-2025 14:15:00]  romirahman Berhasil Login
[SUCCESSFULLY]-[24-03-2025 14:15:00]  romirahman Berhasil Login
[SUCCESSFULLY]-[24-03-2025 14:16:24]  romirahman menambahkan user user !
[SUCCESSFULLY]-[24-03-2025 14:18:21]  Proses dengan Kode Checklist: 241014-0009 dan ID Proses 1004 telah ditambahkan oleh romirahman
[SUCCESSFULLY]-[24-03-2025 14:18:25]  Proses dengan Kode Checklist: 241014-0009 dan ID Proses 1004 telah diselesaikan oleh romirahman
[SUCCESSFULLY]-[24-03-2025 14:20:30]  romirahman edit data Proses dengan ID 1005
<<<<<<< HEAD
[SUCCESSFULLY]-[25-03-2025 08:34:02]  romirahman Berhasil Login
[SUCCESSFULLY]-[25-03-2025 08:54:27]  romirahman Berhasil Login
[SUCCESSFULLY]-[25-03-2025 08:54:50]  User romirahman telah logout
[SUCCESSFULLY]-[25-03-2025 09:35:25]  romirahman Berhasil Login
[SUCCESSFULLY]-[25-03-2025 09:35:25]  romirahman Berhasil Login
[SUCCESSFULLY]-[25-03-2025 09:35:37]  User romirahman telah logout
=======
[SUCCESSFULLY]-[26-03-2025 13:34:07]  romirahman Berhasil Login
[SUCCESSFULLY]-[26-03-2025 13:42:39]  aziz Berhasil Login
[SUCCESSFULLY]-[26-03-2025 13:42:40]  aziz Berhasil Login
>>>>>>> 031941ec84616c6d4810c86e0d9b9c37b1cc2296
